<?xml version="1.0" encoding="UTF-8"?>
<!-- Generated by org.testng.reporters.JUnitXMLReporter -->
<testsuite hostname="DESKTOP-RUAD0RO" ignored="3" name="Default test" tests="1" failures="0" timestamp="01 Apr 2021 17:16:03 GMT" time="15.168" errors="0">
  <testcase name="Validlogin" time="15.098" classname="com.xyz.hrms.testCases.Test_001"/>
  <testcase name="inValidUsername" time="0.0" classname="com.xyz.hrms.testCases.Test_001">
    <ignored/>
  </testcase> <!-- inValidUsername -->
  <testcase name="invalidCerenditals" time="0.0" classname="com.xyz.hrms.testCases.Test_001">
    <ignored/>
  </testcase> <!-- invalidCerenditals -->
  <testcase name="inValidpassword" time="0.0" classname="com.xyz.hrms.testCases.Test_001">
    <ignored/>
  </testcase> <!-- inValidpassword -->
</testsuite> <!-- Default test -->
