<?xml version="1.0" encoding="UTF-8"?>
<testng-results skipped="0" failed="0" ignored="3" total="4" passed="1">
  <reporter-output>
  </reporter-output>
  <suite name="Suite" duration-ms="20794" started-at="2021-04-09T16:19:16Z" finished-at="2021-04-09T16:19:36Z">
    <groups>
    </groups>
    <test name="Test" duration-ms="20794" started-at="2021-04-09T16:19:16Z" finished-at="2021-04-09T16:19:36Z">
      <class name="com.xyz.hrms.testCases.Test_001">
        <test-method status="PASS" signature="generateReport()[pri:0, instance:com.xyz.hrms.testCases.Test_001@146ba0ac]" name="generateReport" is-config="true" duration-ms="374" started-at="2021-04-09T16:19:16Z" finished-at="2021-04-09T16:19:16Z">
          <reporter-output>
          </reporter-output>
        </test-method> <!-- generateReport -->
        <test-method status="PASS" signature="setUp()[pri:0, instance:com.xyz.hrms.testCases.Test_001@146ba0ac]" name="setUp" is-config="true" duration-ms="11937" started-at="2021-04-09T16:19:16Z" finished-at="2021-04-09T16:19:28Z">
          <reporter-output>
          </reporter-output>
        </test-method> <!-- setUp -->
        <test-method status="PASS" signature="Validlogin()[pri:0, instance:com.xyz.hrms.testCases.Test_001@146ba0ac]" name="Validlogin" duration-ms="6137" started-at="2021-04-09T16:19:28Z" finished-at="2021-04-09T16:19:34Z">
          <reporter-output>
          </reporter-output>
        </test-method> <!-- Validlogin -->
        <test-method status="PASS" signature="tearDown()[pri:0, instance:com.xyz.hrms.testCases.Test_001@146ba0ac]" name="tearDown" is-config="true" duration-ms="1024" started-at="2021-04-09T16:19:34Z" finished-at="2021-04-09T16:19:35Z">
          <reporter-output>
          </reporter-output>
        </test-method> <!-- tearDown -->
        <test-method status="PASS" signature="writeReport()[pri:0, instance:com.xyz.hrms.testCases.Test_001@146ba0ac]" name="writeReport" is-config="true" duration-ms="859" started-at="2021-04-09T16:19:35Z" finished-at="2021-04-09T16:19:36Z">
          <reporter-output>
          </reporter-output>
        </test-method> <!-- writeReport -->
      </class> <!-- com.xyz.hrms.testCases.Test_001 -->
    </test> <!-- Test -->
  </suite> <!-- Suite -->
</testng-results>
